<?xml version="1.0" encoding="UTF-8"?>
<!-- Generated by org.testng.reporters.JUnitXMLReporter -->
<testsuite ignored="0" hostname="krithika-dell3460" failures="1" tests="11" name="ChromeTest" time="257.513" errors="0" timestamp="09 Oct 2022 06:00:11 GMT">
  <testcase classname="com.house.qa.testcases.LoginPageTest" name="validateloginPageURLTest" time="1.15"/>
  <testcase classname="com.house.qa.testcases.DashboardPageTest" name="validateDashboardURLTest" time="0.04">
    <failure type="java.lang.AssertionError" message="expected [https://pro.housecallpro.com/pro/dashboard] but found [https://pro.housecallpro.com/pro/log_in]">
      <![CDATA[java.lang.AssertionError: expected [https://pro.housecallpro.com/pro/dashboard] but found [https://pro.housecallpro.com/pro/log_in]
at com.house.qa.testcases.DashboardPageTest.validateDashboardURLTest(DashboardPageTest.java:40)
at java.base/java.util.concurrent.FutureTask.run(FutureTask.java:264)
at java.base/java.util.concurrent.ThreadPoolExecutor.runWorker(ThreadPoolExecutor.java:1128)
at java.base/java.util.concurrent.ThreadPoolExecutor$Worker.run(ThreadPoolExecutor.java:628)
at java.base/java.lang.Thread.run(Thread.java:834)
... Removed 22 stack frames]]>
    </failure>
  </testcase> <!-- validateDashboardURLTest -->
  <testcase classname="com.house.qa.testcases.NewjobsPageTest" name="newJobsURLTest" time="0.184"/>
  <testcase classname="com.house.qa.testcases.SchedulePageTest" name="onActivityFeedTest" time="8.105"/>
  <testcase classname="com.house.qa.testcases.LoginPageTest" name="onClickloginPageTest" time="2.872"/>
  <testcase classname="com.house.qa.testcases.DashboardPageTest" name="onClickNewJobTest" time="10.754"/>
  <testcase classname="com.house.qa.testcases.NewjobsPageTest" name="validateCustomerDetailsTest" time="3.642"/>
  <testcase classname="com.house.qa.testcases.NewjobsPageTest" name="validateItemNameTest" time="3.262"/>
  <testcase classname="com.house.qa.testcases.SchedulePageTest" name="onValidateScheduleButtonTest" time="7.926"/>
  <testcase classname="com.house.qa.testcases.NewjobsPageTest" name="onClickSaveJobTest" time="7.012"/>
  <testcase classname="com.house.qa.testcases.NewjobsPageTest" name="validatePrivateNotesButtonTest" time="2.855"/>
</testsuite> <!-- ChromeTest -->
